<?xml version="1.0" encoding="UTF-8"?>
<testng-results ignored="0" total="2" passed="1" failed="1" skipped="0">
  <reporter-output>
  </reporter-output>
  <suite started-at="2024-07-21T12:39:41 COT" name="Surefire suite" finished-at="2024-07-21T12:40:06 COT" duration-ms="24733">
    <groups>
      <group name="cucumber">
        <method signature="AbstractTestNGCucumberTests.runScenario(io.cucumber.testng.PickleWrapper,io.cucumber.testng.FeatureWrapper)[pri:0, instance:TestRunner@18245eb0]" name="runScenario" class="io.cucumber.testng.AbstractTestNGCucumberTests"/>
      </group> <!-- cucumber -->
    </groups>
    <test started-at="2024-07-21T12:39:41 COT" name="Surefire test" finished-at="2024-07-21T12:40:06 COT" duration-ms="24733">
      <class name="TestRunner">
        <test-method is-config="true" signature="setUpClass(org.testng.ITestContext)[pri:0, instance:TestRunner@18245eb0]" started-at="2024-07-21T12:39:44 COT" name="setUpClass" finished-at="2024-07-21T12:39:46 COT" duration-ms="2078" status="PASS">
          <params>
            <param index="0">
              <value>
                <![CDATA[org.testng.TestRunner@19b206ee]]>
              </value>
            </param>
          </params>
          <reporter-output>
          </reporter-output>
        </test-method> <!-- setUpClass -->
        <test-method signature="runScenario(io.cucumber.testng.PickleWrapper,io.cucumber.testng.FeatureWrapper)[pri:0, instance:TestRunner@18245eb0]" started-at="2024-07-21T12:39:46 COT" name="runScenario" description="Runs Cucumber Scenarios" data-provider="scenarios" finished-at="2024-07-21T12:40:06 COT" duration-ms="19410" status="FAIL">
          <params>
            <param index="0">
              <value>
                <![CDATA["Check login is successful with valid credentials"]]>
              </value>
            </param>
            <param index="1">
              <value>
                <![CDATA["Login page Automation of MyStore website"]]>
              </value>
            </param>
          </params>
          <exception class="org.openqa.selenium.TimeoutException">
            <message>
              <![CDATA[Expected condition failed: waiting for url to be "http://www.testingyes.com/onlineshop/". Current url: "http://www.testingyes.com/onlineshop/my-account" (tried for 10 second(s) with 500 milliseconds interval)
Build info: version: '4.22.0', revision: 'c5f3146703*'
System info: os.name: 'Windows 11', os.arch: 'amd64', os.version: '10.0', java.version: '11.0.22'
Driver info: org.openqa.selenium.chrome.ChromeDriver
Capabilities {acceptInsecureCerts: false, browserName: chrome, browserVersion: 126.0.6478.183, chrome: {chromedriverVersion: 126.0.6478.182 (5b5d8292ddf..., userDataDir: C:\Users\lordm\AppData\Loca...}, fedcm:accounts: true, goog:chromeOptions: {debuggerAddress: localhost:51207}, networkConnectionEnabled: false, pageLoadStrategy: normal, platformName: windows, proxy: Proxy(), se:cdp: ws://localhost:51207/devtoo..., se:cdpVersion: 126.0.6478.183, setWindowRect: true, strictFileInteractability: false, timeouts: {implicit: 0, pageLoad: 300000, script: 30000}, unhandledPromptBehavior: dismiss and notify, webauthn:extension:credBlob: true, webauthn:extension:largeBlob: true, webauthn:extension:minPinLength: true, webauthn:extension:prf: true, webauthn:virtualAuthenticators: true}
Session ID: f4ec1cef32ecba5c589f3771ccb4e9a5]]>
            </message>
            <full-stacktrace>
              <![CDATA[org.openqa.selenium.TimeoutException: Expected condition failed: waiting for url to be "http://www.testingyes.com/onlineshop/". Current url: "http://www.testingyes.com/onlineshop/my-account" (tried for 10 second(s) with 500 milliseconds interval)
Build info: version: '4.22.0', revision: 'c5f3146703*'
System info: os.name: 'Windows 11', os.arch: 'amd64', os.version: '10.0', java.version: '11.0.22'
Driver info: org.openqa.selenium.chrome.ChromeDriver
Capabilities {acceptInsecureCerts: false, browserName: chrome, browserVersion: 126.0.6478.183, chrome: {chromedriverVersion: 126.0.6478.182 (5b5d8292ddf..., userDataDir: C:\Users\lordm\AppData\Loca...}, fedcm:accounts: true, goog:chromeOptions: {debuggerAddress: localhost:51207}, networkConnectionEnabled: false, pageLoadStrategy: normal, platformName: windows, proxy: Proxy(), se:cdp: ws://localhost:51207/devtoo..., se:cdpVersion: 126.0.6478.183, setWindowRect: true, strictFileInteractability: false, timeouts: {implicit: 0, pageLoad: 300000, script: 30000}, unhandledPromptBehavior: dismiss and notify, webauthn:extension:credBlob: true, webauthn:extension:largeBlob: true, webauthn:extension:minPinLength: true, webauthn:extension:prf: true, webauthn:virtualAuthenticators: true}
Session ID: f4ec1cef32ecba5c589f3771ccb4e9a5
at org.openqa.selenium.support.ui.WebDriverWait.timeoutException(WebDriverWait.java:84)
at org.openqa.selenium.support.ui.FluentWait.until(FluentWait.java:228)
at StepDefinitions.LoginStepsDefinition.user_is_navigated_to_home_page(LoginStepsDefinition.java:57)
at ✽.User is navigated to Home Page(file:///C:/Users/lordm/IdeaProjects/AutomatizacionTestGN/src/test/resources/features/login.feature:6)
]]>
            </full-stacktrace>
          </exception> <!-- org.openqa.selenium.TimeoutException -->
          <reporter-output>
          </reporter-output>
        </test-method> <!-- runScenario -->
        <test-method is-config="true" signature="tearDownClass()[pri:0, instance:TestRunner@18245eb0]" started-at="2024-07-21T12:40:06 COT" name="tearDownClass" finished-at="2024-07-21T12:40:06 COT" duration-ms="34" status="PASS">
          <reporter-output>
          </reporter-output>
        </test-method> <!-- tearDownClass -->
      </class> <!-- TestRunner -->
      <class name="SeleniumTest">
        <test-method is-config="true" signature="Setup()[pri:0, instance:SeleniumTest@3276732]" started-at="2024-07-21T12:39:41 COT" name="Setup" finished-at="2024-07-21T12:39:43 COT" duration-ms="1302" status="PASS">
          <reporter-output>
          </reporter-output>
        </test-method> <!-- Setup -->
        <test-method signature="test()[pri:0, instance:SeleniumTest@3276732]" started-at="2024-07-21T12:39:43 COT" name="test" finished-at="2024-07-21T12:39:44 COT" duration-ms="1372" status="PASS">
          <reporter-output>
          </reporter-output>
        </test-method> <!-- test -->
        <test-method is-config="true" signature="TearDown()[pri:0, instance:SeleniumTest@3276732]" started-at="2024-07-21T12:40:06 COT" name="TearDown" finished-at="2024-07-21T12:40:06 COT" duration-ms="368" status="PASS">
          <reporter-output>
          </reporter-output>
        </test-method> <!-- TearDown -->
      </class> <!-- SeleniumTest -->
    </test> <!-- Surefire test -->
  </suite> <!-- Surefire suite -->
</testng-results>
