<?xml version="1.0" encoding="UTF-8"?>
<testsuite xmlns:xsi="http://www.w3.org/2001/XMLSchema-instance" xsi:noNamespaceSchemaLocation="https://maven.apache.org/surefire/maven-surefire-plugin/xsd/surefire-test-report-3.0.xsd" version="3.0" name="TestSuite" time="29.116" tests="2" errors="0" skipped="0" failures="1">
  <properties>
[...]
</properties>
  <testcase name="test" classname="SeleniumTest" time="1.39">
    <system-out><![CDATA[My e-commerce
]]></system-out>
    <system-err><![CDATA[SLF4J: Failed to load class "org.slf4j.impl.StaticLoggerBinder".
SLF4J: Defaulting to no-operation (NOP) logger implementation
SLF4J: See http://www.slf4j.org/codes.html#StaticLoggerBinder for further details.
]]></system-err>
  </testcase>
  <testcase name="runScenario[&quot;Check login is successful with valid credentials&quot;, &quot;Login page Automation of MyStore website&quot;](1)" classname="TestRunner" time="19.414">
    <failure message="Expected condition failed: waiting for url to be &quot;http://www.testingyes.com/onlineshop/&quot;. Current url: &quot;http://www.testingyes.com/onlineshop/my-account&quot; (tried for 10 second(s) with 500 milliseconds interval)&#10;Build info: version: &apos;4.22.0&apos;, revision: &apos;c5f3146703*&apos;&#10;System info: os.name: &apos;Windows 11&apos;, os.arch: &apos;amd64&apos;, os.version: &apos;10.0&apos;, java.version: &apos;11.0.22&apos;&#10;Driver info: org.openqa.selenium.chrome.ChromeDriver&#10;Capabilities {acceptInsecureCerts: false, browserName: chrome, browserVersion: 126.0.6478.183, chrome: {chromedriverVersion: 126.0.6478.182 (5b5d8292ddf..., userDataDir: C:\Users\lordm\AppData\Loca...}, fedcm:accounts: true, goog:chromeOptions: {debuggerAddress: localhost:51207}, networkConnectionEnabled: false, pageLoadStrategy: normal, platformName: windows, proxy: Proxy(), se:cdp: ws://localhost:51207/devtoo..., se:cdpVersion: 126.0.6478.183, setWindowRect: true, strictFileInteractability: false, timeouts: {implicit: 0, pageLoad: 300000, script: 30000}, unhandledPromptBehavior: dismiss and notify, webauthn:extension:credBlob: true, webauthn:extension:largeBlob: true, webauthn:extension:minPinLength: true, webauthn:extension:prf: true, webauthn:virtualAuthenticators: true}&#10;Session ID: f4ec1cef32ecba5c589f3771ccb4e9a5" type="org.openqa.selenium.TimeoutException"><![CDATA[org.openqa.selenium.TimeoutException: 
Expected condition failed: waiting for url to be "http://www.testingyes.com/onlineshop/". Current url: "http://www.testingyes.com/onlineshop/my-account" (tried for 10 second(s) with 500 milliseconds interval)
Build info: version: '4.22.0', revision: 'c5f3146703*'
System info: os.name: 'Windows 11', os.arch: 'amd64', os.version: '10.0', java.version: '11.0.22'
Driver info: org.openqa.selenium.chrome.ChromeDriver
Capabilities {acceptInsecureCerts: false, browserName: chrome, browserVersion: 126.0.6478.183, chrome: {chromedriverVersion: 126.0.6478.182 (5b5d8292ddf..., userDataDir: C:\Users\lordm\AppData\Loca...}, fedcm:accounts: true, goog:chromeOptions: {debuggerAddress: localhost:51207}, networkConnectionEnabled: false, pageLoadStrategy: normal, platformName: windows, proxy: Proxy(), se:cdp: ws://localhost:51207/devtoo..., se:cdpVersion: 126.0.6478.183, setWindowRect: true, strictFileInteractability: false, timeouts: {implicit: 0, pageLoad: 300000, script: 30000}, unhandledPromptBehavior: dismiss and notify, webauthn:extension:credBlob: true, webauthn:extension:largeBlob: true, webauthn:extension:minPinLength: true, webauthn:extension:prf: true, webauthn:virtualAuthenticators: true}
Session ID: f4ec1cef32ecba5c589f3771ccb4e9a5
	at org.openqa.selenium.support.ui.WebDriverWait.timeoutException(WebDriverWait.java:84)
	at org.openqa.selenium.support.ui.FluentWait.until(FluentWait.java:228)
	at StepDefinitions.LoginStepsDefinition.user_is_navigated_to_home_page(LoginStepsDefinition.java:57)
	at ✽.User is navigated to Home Page(file:///C:/Users/lordm/IdeaProjects/AutomatizacionTestGN/src/test/resources/features/login.feature:6)
]]></failure>
    <system-out><![CDATA[
Scenario: Check login is successful with valid credentials # src/test/resources/features/login.feature:2
  Given User is on login page                              # StepDefinitions.LoginStepsDefinition.user_is_on_login_page()
  When User enters valid username and password             # StepDefinitions.LoginStepsDefinition.user_enters_valid_username_and_password()
  When Clicks on Login Button                              # StepDefinitions.LoginStepsDefinition.clicks_on_login_button()
  Then User is navigated to Home Page                      # StepDefinitions.LoginStepsDefinition.user_is_navigated_to_home_page()
      org.openqa.selenium.TimeoutException: Expected condition failed: waiting for url to be "http://www.testingyes.com/onlineshop/". Current url: "http://www.testingyes.com/onlineshop/my-account" (tried for 10 second(s) with 500 milliseconds interval)
Build info: version: '4.22.0', revision: 'c5f3146703*'
System info: os.name: 'Windows 11', os.arch: 'amd64', os.version: '10.0', java.version: '11.0.22'
Driver info: org.openqa.selenium.chrome.ChromeDriver
Capabilities {acceptInsecureCerts: false, browserName: chrome, browserVersion: 126.0.6478.183, chrome: {chromedriverVersion: 126.0.6478.182 (5b5d8292ddf..., userDataDir: C:\Users\lordm\AppData\Loca...}, fedcm:accounts: true, goog:chromeOptions: {debuggerAddress: localhost:51207}, networkConnectionEnabled: false, pageLoadStrategy: normal, platformName: windows, proxy: Proxy(), se:cdp: ws://localhost:51207/devtoo..., se:cdpVersion: 126.0.6478.183, setWindowRect: true, strictFileInteractability: false, timeouts: {implicit: 0, pageLoad: 300000, script: 30000}, unhandledPromptBehavior: dismiss and notify, webauthn:extension:credBlob: true, webauthn:extension:largeBlob: true, webauthn:extension:minPinLength: true, webauthn:extension:prf: true, webauthn:virtualAuthenticators: true}
Session ID: f4ec1cef32ecba5c589f3771ccb4e9a5
	at org.openqa.selenium.support.ui.WebDriverWait.timeoutException(WebDriverWait.java:84)
	at org.openqa.selenium.support.ui.FluentWait.until(FluentWait.java:228)
	at StepDefinitions.LoginStepsDefinition.user_is_navigated_to_home_page(LoginStepsDefinition.java:57)
	at âœ½.User is navigated to Home Page(file:///C:/Users/lordm/IdeaProjects/AutomatizacionTestGN/src/test/resources/features/login.feature:6)

  Then Close the browser                                   # StepDefinitions.LoginStepsDefinition.close_the_browser()
]]></system-out>
  </testcase>
</testsuite>